<?xml version="1.0" encoding="UTF-8"?>
<coverage generated="1767720524747" clover="3.2.0">
  <project timestamp="1767720524747" name="All files">
    <metrics statements="165" coveredstatements="91" conditionals="53" coveredconditionals="14" methods="37" coveredmethods="22" elements="255" coveredelements="127" complexity="0" loc="165" ncloc="165" packages="3" files="3" classes="3"/>
    <package name="scraper">
      <metrics statements="76" coveredstatements="10" conditionals="33" coveredconditionals="0" methods="12" coveredmethods="2"/>
      <file name="marvelScraper.ts" path="C:\Users\Dingle\Documents\spider-man-villain-timeline\src\scraper\marvelScraper.ts">
        <metrics statements="76" coveredstatements="10" conditionals="33" coveredconditionals="0" methods="12" coveredmethods="2"/>
        <line num="7" count="1" type="stmt"/>
        <line num="8" count="1" type="stmt"/>
        <line num="13" count="1" type="stmt"/>
        <line num="15" count="1" type="stmt"/>
        <line num="16" count="1" type="stmt"/>
        <line num="17" count="1" type="stmt"/>
        <line num="22" count="1" type="stmt"/>
        <line num="24" count="6" type="stmt"/>
        <line num="27" count="6" type="stmt"/>
        <line num="47" count="0" type="stmt"/>
        <line num="49" count="0" type="cond" truecount="0" falsecount="3"/>
        <line num="50" count="0" type="stmt"/>
        <line num="55" count="0" type="stmt"/>
        <line num="56" count="0" type="stmt"/>
        <line num="58" count="0" type="stmt"/>
        <line num="61" count="0" type="stmt"/>
        <line num="62" count="0" type="stmt"/>
        <line num="63" count="0" type="stmt"/>
        <line num="64" count="0" type="stmt"/>
        <line num="65" count="0" type="stmt"/>
        <line num="68" count="0" type="stmt"/>
        <line num="70" count="0" type="stmt"/>
        <line num="74" count="0" type="stmt"/>
        <line num="82" count="0" type="stmt"/>
        <line num="83" count="0" type="stmt"/>
        <line num="87" count="0" type="stmt"/>
        <line num="101" count="0" type="stmt"/>
        <line num="103" count="0" type="stmt"/>
        <line num="104" count="0" type="stmt"/>
        <line num="106" count="0" type="cond" truecount="0" falsecount="1"/>
        <line num="107" count="0" type="stmt"/>
        <line num="110" count="0" type="stmt"/>
        <line num="115" count="0" type="stmt"/>
        <line num="121" count="0" type="cond" truecount="0" falsecount="1"/>
        <line num="122" count="0" type="stmt"/>
        <line num="126" count="0" type="stmt"/>
        <line num="137" count="0" type="stmt"/>
        <line num="161" count="0" type="stmt"/>
        <line num="162" count="0" type="stmt"/>
        <line num="163" count="0" type="stmt"/>
        <line num="166" count="0" type="stmt"/>
        <line num="168" count="0" type="stmt"/>
        <line num="169" count="0" type="stmt"/>
        <line num="170" count="0" type="stmt"/>
        <line num="173" count="0" type="cond" truecount="0" falsecount="1"/>
        <line num="175" count="0" type="stmt"/>
        <line num="176" count="0" type="cond" truecount="0" falsecount="2"/>
        <line num="181" count="0" type="stmt"/>
        <line num="182" count="0" type="stmt"/>
        <line num="186" count="0" type="cond" truecount="0" falsecount="3"/>
        <line num="189" count="0" type="cond" truecount="0" falsecount="1"/>
        <line num="191" count="0" type="cond" truecount="0" falsecount="2"/>
        <line num="195" count="0" type="cond" truecount="0" falsecount="1"/>
        <line num="196" count="0" type="stmt"/>
        <line num="203" count="0" type="stmt"/>
        <line num="204" count="0" type="stmt"/>
        <line num="206" count="0" type="stmt"/>
        <line num="208" count="0" type="cond" truecount="0" falsecount="2"/>
        <line num="210" count="0" type="stmt"/>
        <line num="211" count="0" type="cond" truecount="0" falsecount="1"/>
        <line num="215" count="0" type="stmt"/>
        <line num="216" count="0" type="stmt"/>
        <line num="219" count="0" type="cond" truecount="0" falsecount="5"/>
        <line num="223" count="0" type="stmt"/>
        <line num="224" count="0" type="stmt"/>
        <line num="230" count="0" type="cond" truecount="0" falsecount="1"/>
        <line num="231" count="0" type="stmt"/>
        <line num="233" count="0" type="cond" truecount="0" falsecount="4"/>
        <line num="235" count="0" type="stmt"/>
        <line num="240" count="0" type="cond" truecount="0" falsecount="3"/>
        <line num="241" count="0" type="stmt"/>
        <line num="252" count="0" type="stmt"/>
        <line num="254" count="0" type="stmt"/>
        <line num="257" count="0" type="stmt"/>
        <line num="267" count="0" type="stmt"/>
        <line num="274" count="2" type="stmt"/>
      </file>
    </package>
    <package name="utils">
      <metrics statements="53" coveredstatements="46" conditionals="18" coveredconditionals="12" methods="13" coveredmethods="9"/>
      <file name="dataProcessor.ts" path="C:\Users\Dingle\Documents\spider-man-villain-timeline\src\utils\dataProcessor.ts">
        <metrics statements="53" coveredstatements="46" conditionals="18" coveredconditionals="12" methods="13" coveredmethods="9"/>
        <line num="27" count="1" type="stmt"/>
        <line num="29" count="19" type="stmt"/>
        <line num="33" count="19" type="stmt"/>
        <line num="36" count="19" type="stmt"/>
        <line num="39" count="19" type="stmt"/>
        <line num="41" count="19" type="stmt"/>
        <line num="50" count="1" type="stmt"/>
        <line num="51" count="14" type="stmt"/>
        <line num="63" count="1" type="stmt"/>
        <line num="67" count="5" type="cond" truecount="2" falsecount="1"/>
        <line num="68" count="0" type="stmt"/>
        <line num="72" count="5" type="stmt"/>
        <line num="74" count="5" type="stmt"/>
        <line num="75" count="11" type="stmt"/>
        <line num="76" count="14" type="cond" truecount="2" falsecount="1"/>
        <line num="77" count="0" type="stmt"/>
        <line num="80" count="14" type="stmt"/>
        <line num="82" count="14" type="cond" truecount="0" falsecount="1"/>
        <line num="83" count="0" type="stmt"/>
        <line num="86" count="14" type="cond" truecount="2" falsecount="0"/>
        <line num="88" count="9" type="stmt"/>
        <line num="97" count="5" type="stmt"/>
        <line num="98" count="5" type="cond" truecount="1" falsecount="0"/>
        <line num="99" count="5" type="stmt"/>
        <line num="100" count="5" type="stmt"/>
        <line num="107" count="5" type="stmt"/>
        <line num="108" count="9" type="stmt"/>
        <line num="112" count="5" type="stmt"/>
        <line num="118" count="5" type="stmt"/>
        <line num="120" count="5" type="stmt"/>
        <line num="140" count="5" type="stmt"/>
        <line num="142" count="11" type="stmt"/>
        <line num="144" count="11" type="stmt"/>
        <line num="145" count="19" type="cond" truecount="1" falsecount="0"/>
        <line num="146" count="14" type="stmt"/>
        <line num="150" count="11" type="stmt"/>
        <line num="167" count="5" type="stmt"/>
        <line num="170" count="5" type="cond" truecount="1" falsecount="1"/>
        <line num="172" count="4" type="cond" truecount="1" falsecount="1"/>
        <line num="177" count="5" type="cond" truecount="1" falsecount="1"/>
        <line num="178" count="9" type="stmt"/>
        <line num="182" count="5" type="stmt"/>
        <line num="183" count="5" type="stmt"/>
        <line num="184" count="9" type="stmt"/>
        <line num="185" count="9" type="cond" truecount="1" falsecount="0"/>
        <line num="186" count="6" type="stmt"/>
        <line num="188" count="9" type="stmt"/>
        <line num="191" count="5" type="stmt"/>
        <line num="205" count="1" type="stmt"/>
        <line num="208" count="0" type="stmt"/>
        <line num="219" count="0" type="stmt"/>
        <line num="227" count="0" type="stmt"/>
        <line num="230" count="0" type="stmt"/>
      </file>
    </package>
    <package name="visualization">
      <metrics statements="36" coveredstatements="35" conditionals="2" coveredconditionals="2" methods="12" coveredmethods="11"/>
      <file name="d3Graph.ts" path="C:\Users\Dingle\Documents\spider-man-villain-timeline\src\visualization\d3Graph.ts">
        <metrics statements="36" coveredstatements="35" conditionals="2" coveredconditionals="2" methods="12" coveredmethods="11"/>
        <line num="11" count="1" type="stmt"/>
        <line num="37" count="16" type="stmt"/>
        <line num="38" count="16" type="stmt"/>
        <line num="39" count="208" type="stmt"/>
        <line num="40" count="208" type="stmt"/>
        <line num="43" count="16" type="stmt"/>
        <line num="44" count="16" type="stmt"/>
        <line num="53" count="1" type="stmt"/>
        <line num="56" count="36" type="stmt"/>
        <line num="58" count="0" type="stmt"/>
        <line num="71" count="1" type="stmt"/>
        <line num="76" count="8" type="stmt"/>
        <line num="79" count="8" type="stmt"/>
        <line num="80" count="8" type="stmt"/>
        <line num="81" count="16" type="stmt"/>
        <line num="82" count="16" type="stmt"/>
        <line num="86" count="24" type="stmt"/>
        <line num="87" count="24" type="stmt"/>
        <line num="89" count="8" type="stmt"/>
        <line num="91" count="8" type="stmt"/>
        <line num="113" count="1" type="stmt"/>
        <line num="114" count="3" type="stmt"/>
        <line num="138" count="1" type="stmt"/>
        <line num="143" count="3" type="stmt"/>
        <line num="144" count="3" type="stmt"/>
        <line num="147" count="3" type="stmt"/>
        <line num="148" count="7" type="stmt"/>
        <line num="149" count="7" type="stmt"/>
        <line num="150" count="7" type="stmt"/>
        <line num="153" count="3" type="stmt"/>
        <line num="154" count="7" type="stmt"/>
        <line num="155" count="7" type="stmt"/>
        <line num="156" count="7" type="stmt"/>
        <line num="160" count="3" type="stmt"/>
        <line num="161" count="7" type="stmt"/>
        <line num="164" count="3" type="stmt"/>
      </file>
    </package>
  </project>
</coverage>
