{"C:\\Users\\Dingle\\Documents\\spider-man-villain-timeline\\src\\scraper\\marvelScraper.ts": {"path":"C:\\Users\\Dingle\\Documents\\spider-man-villain-timeline\\src\\scraper\\marvelScraper.ts","statementMap":{"0":{"start":{"line":7,"column":0},"end":{"line":7,"column":45}},"1":{"start":{"line":8,"column":0},"end":{"line":8,"column":35}},"2":{"start":{"line":13,"column":27},"end":{"line":13,"column":54}},"3":{"start":{"line":15,"column":2},"end":{"line":15,"column":63}},"4":{"start":{"line":16,"column":24},"end":{"line":16,"column":29}},"5":{"start":{"line":17,"column":25},"end":{"line":17,"column":29}},"6":{"start":{"line":24,"column":10},"end":{"line":24,"column":35}},"7":{"start":{"line":27,"column":4},"end":{"line":32,"column":7}},"8":{"start":{"line":47,"column":4},"end":{"line":47,"column":69}},"9":{"start":{"line":49,"column":4},"end":{"line":53,"column":5}},"10":{"start":{"line":50,"column":6},"end":{"line":52,"column":8}},"11":{"start":{"line":55,"column":32},"end":{"line":55,"column":34}},"12":{"start":{"line":56,"column":25},"end":{"line":58,"column":null}},"13":{"start":{"line":58,"column":16},"end":{"line":58,"column":30}},"14":{"start":{"line":61,"column":4},"end":{"line":80,"column":5}},"15":{"start":{"line":62,"column":6},"end":{"line":79,"column":7}},"16":{"start":{"line":63,"column":8},"end":{"line":63,"column":56}},"17":{"start":{"line":64,"column":26},"end":{"line":64,"column":61}},"18":{"start":{"line":65,"column":8},"end":{"line":65,"column":31}},"19":{"start":{"line":68,"column":8},"end":{"line":68,"column":43}},"20":{"start":{"line":70,"column":8},"end":{"line":72,"column":10}},"21":{"start":{"line":74,"column":8},"end":{"line":78,"column":11}},"22":{"start":{"line":82,"column":4},"end":{"line":85,"column":6}},"23":{"start":{"line":83,"column":36},"end":{"line":83,"column":60}},"24":{"start":{"line":87,"column":4},"end":{"line":91,"column":6}},"25":{"start":{"line":101,"column":16},"end":{"line":101,"column":45}},"26":{"start":{"line":103,"column":4},"end":{"line":127,"column":5}},"27":{"start":{"line":104,"column":23},"end":{"line":104,"column":54}},"28":{"start":{"line":106,"column":6},"end":{"line":108,"column":7}},"29":{"start":{"line":107,"column":8},"end":{"line":107,"column":53}},"30":{"start":{"line":110,"column":26},"end":{"line":112,"column":null}},"31":{"start":{"line":115,"column":6},"end":{"line":119,"column":8}},"32":{"start":{"line":121,"column":6},"end":{"line":125,"column":7}},"33":{"start":{"line":122,"column":8},"end":{"line":124,"column":10}},"34":{"start":{"line":126,"column":6},"end":{"line":126,"column":18}},"35":{"start":{"line":137,"column":4},"end":{"line":140,"column":6}},"36":{"start":{"line":161,"column":4},"end":{"line":258,"column":5}},"37":{"start":{"line":162,"column":16},"end":{"line":162,"column":34}},"38":{"start":{"line":163,"column":36},"end":{"line":163,"column":38}},"39":{"start":{"line":166,"column":23},"end":{"line":166,"column":30}},"40":{"start":{"line":168,"column":6},"end":{"line":250,"column":7}},"41":{"start":{"line":168,"column":19},"end":{"line":168,"column":20}},"42":{"start":{"line":169,"column":24},"end":{"line":169,"column":38}},"43":{"start":{"line":170,"column":28},"end":{"line":170,"column":56}},"44":{"start":{"line":173,"column":8},"end":{"line":249,"column":9}},"45":{"start":{"line":175,"column":25},"end":{"line":175,"column":54}},"46":{"start":{"line":176,"column":26},"end":{"line":178,"column":31}},"47":{"start":{"line":181,"column":10},"end":{"line":246,"column":13}},"48":{"start":{"line":182,"column":24},"end":{"line":182,"column":34}},"49":{"start":{"line":186,"column":14},"end":{"line":187,"column":62}},"50":{"start":{"line":189,"column":12},"end":{"line":245,"column":13}},"51":{"start":{"line":191,"column":31},"end":{"line":193,"column":36}},"52":{"start":{"line":195,"column":14},"end":{"line":244,"column":15}},"53":{"start":{"line":196,"column":16},"end":{"line":243,"column":19}},"54":{"start":{"line":203,"column":30},"end":{"line":203,"column":42}},"55":{"start":{"line":204,"column":32},"end":{"line":204,"column":45}},"56":{"start":{"line":206,"column":29},"end":{"line":206,"column":31}},"57":{"start":{"line":208,"column":18},"end":{"line":227,"column":19}},"58":{"start":{"line":210,"column":20},"end":{"line":210,"column":55}},"59":{"start":{"line":211,"column":25},"end":{"line":227,"column":19}},"60":{"start":{"line":215,"column":20},"end":{"line":226,"column":21}},"61":{"start":{"line":215,"column":33},"end":{"line":215,"column":34}},"62":{"start":{"line":216,"column":39},"end":{"line":216,"column":64}},"63":{"start":{"line":219,"column":22},"end":{"line":225,"column":23}},"64":{"start":{"line":223,"column":24},"end":{"line":223,"column":40}},"65":{"start":{"line":224,"column":24},"end":{"line":224,"column":30}},"66":{"start":{"line":230,"column":18},"end":{"line":237,"column":19}},"67":{"start":{"line":231,"column":33},"end":{"line":231,"column":65}},"68":{"start":{"line":233,"column":20},"end":{"line":236,"column":21}},"69":{"start":{"line":235,"column":22},"end":{"line":235,"column":34}},"70":{"start":{"line":240,"column":18},"end":{"line":242,"column":19}},"71":{"start":{"line":241,"column":20},"end":{"line":241,"column":43}},"72":{"start":{"line":252,"column":6},"end":{"line":252,"column":25}},"73":{"start":{"line":254,"column":6},"end":{"line":256,"column":8}},"74":{"start":{"line":257,"column":6},"end":{"line":257,"column":16}},"75":{"start":{"line":267,"column":4},"end":{"line":267,"column":59}},"76":{"start":{"line":267,"column":34},"end":{"line":267,"column":57}},"77":{"start":{"line":274,"column":4},"end":{"line":274,"column":29}},"78":{"start":{"line":22,"column":0},"end":{"line":22,"column":13}}},"fnMap":{"0":{"name":"(anonymous_10)","decl":{"start":{"line":26,"column":2},"end":{"line":26,"column":null}},"loc":{"start":{"line":26,"column":2},"end":{"line":33,"column":3}}},"1":{"name":"(anonymous_11)","decl":{"start":{"line":43,"column":2},"end":{"line":43,"column":7}},"loc":{"start":{"line":45,"column":26},"end":{"line":92,"column":3}}},"2":{"name":"(anonymous_12)","decl":{"start":{"line":58,"column":6},"end":{"line":58,"column":7}},"loc":{"start":{"line":58,"column":16},"end":{"line":58,"column":30}}},"3":{"name":"(anonymous_13)","decl":{"start":{"line":83,"column":31},"end":{"line":83,"column":32}},"loc":{"start":{"line":83,"column":36},"end":{"line":83,"column":60}}},"4":{"name":"(anonymous_14)","decl":{"start":{"line":100,"column":10},"end":{"line":100,"column":15}},"loc":{"start":{"line":100,"column":47},"end":{"line":128,"column":3}}},"5":{"name":"(anonymous_15)","decl":{"start":{"line":136,"column":10},"end":{"line":136,"column":21}},"loc":{"start":{"line":136,"column":41},"end":{"line":141,"column":3}}},"6":{"name":"(anonymous_16)","decl":{"start":{"line":157,"column":10},"end":{"line":157,"column":34}},"loc":{"start":{"line":159,"column":23},"end":{"line":259,"column":3}}},"7":{"name":"(anonymous_17)","decl":{"start":{"line":181,"column":23},"end":{"line":181,"column":24}},"loc":{"start":{"line":181,"column":38},"end":{"line":246,"column":11}}},"8":{"name":"(anonymous_18)","decl":{"start":{"line":196,"column":41},"end":{"line":196,"column":42}},"loc":{"start":{"line":196,"column":58},"end":{"line":243,"column":17}}},"9":{"name":"(anonymous_19)","decl":{"start":{"line":266,"column":10},"end":{"line":266,"column":15}},"loc":{"start":{"line":266,"column":26},"end":{"line":268,"column":3}}},"10":{"name":"(anonymous_20)","decl":{"start":{"line":267,"column":23},"end":{"line":267,"column":30}},"loc":{"start":{"line":267,"column":34},"end":{"line":267,"column":57}}},"11":{"name":"(anonymous_21)","decl":{"start":{"line":273,"column":2},"end":{"line":273,"column":17}},"loc":{"start":{"line":273,"column":17},"end":{"line":275,"column":3}}}},"branchMap":{"0":{"loc":{"start":{"line":44,"column":4},"end":{"line":44,"column":26}},"type":"default-arg","locations":[{"start":{"line":44,"column":25},"end":{"line":44,"column":26}}]},"1":{"loc":{"start":{"line":45,"column":4},"end":{"line":45,"column":26}},"type":"default-arg","locations":[{"start":{"line":45,"column":23},"end":{"line":45,"column":26}}]},"2":{"loc":{"start":{"line":49,"column":4},"end":{"line":53,"column":5}},"type":"if","locations":[{"start":{"line":49,"column":4},"end":{"line":53,"column":5}}]},"3":{"loc":{"start":{"line":49,"column":8},"end":{"line":49,"column":47}},"type":"binary-expr","locations":[{"start":{"line":49,"column":8},"end":{"line":49,"column":22}},{"start":{"line":49,"column":26},"end":{"line":49,"column":47}}]},"4":{"loc":{"start":{"line":106,"column":6},"end":{"line":108,"column":7}},"type":"if","locations":[{"start":{"line":106,"column":6},"end":{"line":108,"column":7}}]},"5":{"loc":{"start":{"line":121,"column":6},"end":{"line":125,"column":7}},"type":"if","locations":[{"start":{"line":121,"column":6},"end":{"line":125,"column":7}}]},"6":{"loc":{"start":{"line":173,"column":8},"end":{"line":249,"column":9}},"type":"if","locations":[{"start":{"line":173,"column":8},"end":{"line":249,"column":9}}]},"7":{"loc":{"start":{"line":176,"column":26},"end":{"line":178,"column":31}},"type":"cond-expr","locations":[{"start":{"line":177,"column":14},"end":{"line":177,"column":39}},{"start":{"line":178,"column":14},"end":{"line":178,"column":31}}]},"8":{"loc":{"start":{"line":186,"column":14},"end":{"line":187,"column":62}},"type":"binary-expr","locations":[{"start":{"line":186,"column":15},"end":{"line":186,"column":26}},{"start":{"line":186,"column":30},"end":{"line":186,"column":64}},{"start":{"line":187,"column":14},"end":{"line":187,"column":62}}]},"9":{"loc":{"start":{"line":189,"column":12},"end":{"line":245,"column":13}},"type":"if","locations":[{"start":{"line":189,"column":12},"end":{"line":245,"column":13}}]},"10":{"loc":{"start":{"line":191,"column":31},"end":{"line":193,"column":36}},"type":"cond-expr","locations":[{"start":{"line":192,"column":18},"end":{"line":192,"column":21}},{"start":{"line":193,"column":18},"end":{"line":193,"column":36}}]},"11":{"loc":{"start":{"line":195,"column":14},"end":{"line":244,"column":15}},"type":"if","locations":[{"start":{"line":195,"column":14},"end":{"line":244,"column":15}}]},"12":{"loc":{"start":{"line":208,"column":18},"end":{"line":227,"column":19}},"type":"if","locations":[{"start":{"line":208,"column":18},"end":{"line":227,"column":19}},{"start":{"line":211,"column":25},"end":{"line":227,"column":19}}]},"13":{"loc":{"start":{"line":211,"column":25},"end":{"line":227,"column":19}},"type":"if","locations":[{"start":{"line":211,"column":25},"end":{"line":227,"column":19}}]},"14":{"loc":{"start":{"line":219,"column":22},"end":{"line":225,"column":23}},"type":"if","locations":[{"start":{"line":219,"column":22},"end":{"line":225,"column":23}}]},"15":{"loc":{"start":{"line":219,"column":26},"end":{"line":222,"column":50}},"type":"binary-expr","locations":[{"start":{"line":219,"column":26},"end":{"line":219,"column":34}},{"start":{"line":220,"column":26},"end":{"line":220,"column":45}},{"start":{"line":221,"column":26},"end":{"line":221,"column":59}},{"start":{"line":222,"column":26},"end":{"line":222,"column":50}}]},"16":{"loc":{"start":{"line":230,"column":18},"end":{"line":237,"column":19}},"type":"if","locations":[{"start":{"line":230,"column":18},"end":{"line":237,"column":19}}]},"17":{"loc":{"start":{"line":233,"column":20},"end":{"line":236,"column":21}},"type":"if","locations":[{"start":{"line":233,"column":20},"end":{"line":236,"column":21}}]},"18":{"loc":{"start":{"line":233,"column":24},"end":{"line":234,"column":53}},"type":"binary-expr","locations":[{"start":{"line":233,"column":24},"end":{"line":233,"column":28}},{"start":{"line":233,"column":32},"end":{"line":233,"column":47}},{"start":{"line":234,"column":24},"end":{"line":234,"column":53}}]},"19":{"loc":{"start":{"line":240,"column":18},"end":{"line":242,"column":19}},"type":"if","locations":[{"start":{"line":240,"column":18},"end":{"line":242,"column":19}}]},"20":{"loc":{"start":{"line":240,"column":22},"end":{"line":240,"column":45}},"type":"binary-expr","locations":[{"start":{"line":240,"column":22},"end":{"line":240,"column":26}},{"start":{"line":240,"column":30},"end":{"line":240,"column":45}}]}},"s":{"0":1,"1":1,"2":1,"3":1,"4":1,"5":1,"6":6,"7":6,"8":0,"9":0,"10":0,"11":0,"12":0,"13":0,"14":0,"15":0,"16":0,"17":0,"18":0,"19":0,"20":0,"21":0,"22":0,"23":0,"24":0,"25":0,"26":0,"27":0,"28":0,"29":0,"30":0,"31":0,"32":0,"33":0,"34":0,"35":0,"36":0,"37":0,"38":0,"39":0,"40":0,"41":0,"42":0,"43":0,"44":0,"45":0,"46":0,"47":0,"48":0,"49":0,"50":0,"51":0,"52":0,"53":0,"54":0,"55":0,"56":0,"57":0,"58":0,"59":0,"60":0,"61":0,"62":0,"63":0,"64":0,"65":0,"66":0,"67":0,"68":0,"69":0,"70":0,"71":0,"72":0,"73":0,"74":0,"75":0,"76":0,"77":2,"78":1},"f":{"0":6,"1":0,"2":0,"3":0,"4":0,"5":0,"6":0,"7":0,"8":0,"9":0,"10":0,"11":2},"b":{"0":[0],"1":[0],"2":[0],"3":[0,0],"4":[0],"5":[0],"6":[0],"7":[0,0],"8":[0,0,0],"9":[0],"10":[0,0],"11":[0],"12":[0,0],"13":[0],"14":[0],"15":[0,0,0,0],"16":[0],"17":[0],"18":[0,0,0],"19":[0],"20":[0,0]}}
,"C:\\Users\\Dingle\\Documents\\spider-man-villain-timeline\\src\\utils\\dataProcessor.ts": {"path":"C:\\Users\\Dingle\\Documents\\spider-man-villain-timeline\\src\\utils\\dataProcessor.ts","statementMap":{"0":{"start":{"line":27,"column":0},"end":{"line":27,"column":16}},"1":{"start":{"line":50,"column":0},"end":{"line":50,"column":16}},"2":{"start":{"line":63,"column":0},"end":{"line":63,"column":16}},"3":{"start":{"line":205,"column":0},"end":{"line":205,"column":16}},"4":{"start":{"line":29,"column":19},"end":{"line":29,"column":30}},"5":{"start":{"line":33,"column":2},"end":{"line":33,"column":59}},"6":{"start":{"line":36,"column":2},"end":{"line":36,"column":58}},"7":{"start":{"line":39,"column":2},"end":{"line":39,"column":47}},"8":{"start":{"line":41,"column":2},"end":{"line":41,"column":20}},"9":{"start":{"line":51,"column":2},"end":{"line":54,"column":27}},"10":{"start":{"line":67,"column":2},"end":{"line":69,"column":3}},"11":{"start":{"line":68,"column":4},"end":{"line":68,"column":47}},"12":{"start":{"line":72,"column":21},"end":{"line":72,"column":56}},"13":{"start":{"line":74,"column":2},"end":{"line":104,"column":3}},"14":{"start":{"line":75,"column":4},"end":{"line":103,"column":5}},"15":{"start":{"line":76,"column":6},"end":{"line":78,"column":7}},"16":{"start":{"line":77,"column":8},"end":{"line":77,"column":17}},"17":{"start":{"line":80,"column":25},"end":{"line":80,"column":54}},"18":{"start":{"line":82,"column":6},"end":{"line":84,"column":7}},"19":{"start":{"line":83,"column":8},"end":{"line":83,"column":17}},"20":{"start":{"line":86,"column":6},"end":{"line":102,"column":7}},"21":{"start":{"line":88,"column":8},"end":{"line":94,"column":11}},"22":{"start":{"line":97,"column":24},"end":{"line":97,"column":51}},"23":{"start":{"line":98,"column":8},"end":{"line":101,"column":9}},"24":{"start":{"line":99,"column":10},"end":{"line":99,"column":54}},"25":{"start":{"line":100,"column":10},"end":{"line":100,"column":30}},"26":{"start":{"line":107,"column":2},"end":{"line":109,"column":3}},"27":{"start":{"line":108,"column":4},"end":{"line":108,"column":46}},"28":{"start":{"line":108,"column":39},"end":{"line":108,"column":44}},"29":{"start":{"line":112,"column":19},"end":{"line":114,"column":null}},"30":{"start":{"line":118,"column":16},"end":{"line":118,"column":41}},"31":{"start":{"line":120,"column":2},"end":{"line":126,"column":4}},"32":{"start":{"line":140,"column":2},"end":{"line":155,"column":5}},"33":{"start":{"line":142,"column":48},"end":{"line":142,"column":50}},"34":{"start":{"line":144,"column":4},"end":{"line":148,"column":5}},"35":{"start":{"line":145,"column":6},"end":{"line":147,"column":7}},"36":{"start":{"line":146,"column":8},"end":{"line":146,"column":38}},"37":{"start":{"line":150,"column":4},"end":{"line":154,"column":6}},"38":{"start":{"line":167,"column":23},"end":{"line":167,"column":54}},"39":{"start":{"line":170,"column":23},"end":{"line":174,"column":78}},"40":{"start":{"line":172,"column":8},"end":{"line":172,"column":61}},"41":{"start":{"line":177,"column":27},"end":{"line":179,"column":7}},"42":{"start":{"line":178,"column":38},"end":{"line":178,"column":55}},"43":{"start":{"line":182,"column":27},"end":{"line":182,"column":54}},"44":{"start":{"line":183,"column":2},"end":{"line":189,"column":3}},"45":{"start":{"line":184,"column":18},"end":{"line":184,"column":41}},"46":{"start":{"line":185,"column":4},"end":{"line":187,"column":5}},"47":{"start":{"line":186,"column":6},"end":{"line":186,"column":38}},"48":{"start":{"line":188,"column":4},"end":{"line":188,"column":56}},"49":{"start":{"line":191,"column":2},"end":{"line":196,"column":4}},"50":{"start":{"line":208,"column":2},"end":{"line":232,"column":4}},"51":{"start":{"line":219,"column":38},"end":{"line":226,"column":6}},"52":{"start":{"line":227,"column":38},"end":{"line":231,"column":6}},"53":{"start":{"line":230,"column":36},"end":{"line":230,"column":46}}},"fnMap":{"0":{"name":"normalizeVillainName","decl":{"start":{"line":27,"column":16},"end":{"line":27,"column":36}},"loc":{"start":{"line":27,"column":49},"end":{"line":42,"column":1}}},"1":{"name":"generateVillainId","decl":{"start":{"line":50,"column":16},"end":{"line":50,"column":33}},"loc":{"start":{"line":50,"column":46},"end":{"line":55,"column":1}}},"2":{"name":"processVillainData","decl":{"start":{"line":63,"column":16},"end":{"line":63,"column":34}},"loc":{"start":{"line":64,"column":25},"end":{"line":127,"column":1}}},"3":{"name":"(anonymous_3)","decl":{"start":{"line":108,"column":29},"end":{"line":108,"column":30}},"loc":{"start":{"line":108,"column":39},"end":{"line":108,"column":44}}},"4":{"name":"generateTimeline","decl":{"start":{"line":136,"column":9},"end":{"line":136,"column":25}},"loc":{"start":{"line":138,"column":43},"end":{"line":156,"column":1}}},"5":{"name":"(anonymous_5)","decl":{"start":{"line":140,"column":20},"end":{"line":140,"column":25}},"loc":{"start":{"line":140,"column":28},"end":{"line":155,"column":3}}},"6":{"name":"generateStats","decl":{"start":{"line":164,"column":9},"end":{"line":164,"column":22}},"loc":{"start":{"line":165,"column":43},"end":{"line":197,"column":1}}},"7":{"name":"(anonymous_7)","decl":{"start":{"line":171,"column":26},"end":{"line":171,"column":27}},"loc":{"start":{"line":172,"column":8},"end":{"line":172,"column":61}}},"8":{"name":"(anonymous_8)","decl":{"start":{"line":178,"column":26},"end":{"line":178,"column":27}},"loc":{"start":{"line":178,"column":38},"end":{"line":178,"column":55}}},"9":{"name":"serializeProcessedData","decl":{"start":{"line":205,"column":16},"end":{"line":205,"column":38}},"loc":{"start":{"line":206,"column":21},"end":{"line":233,"column":1}}},"10":{"name":"(anonymous_10)","decl":{"start":{"line":219,"column":32},"end":{"line":219,"column":33}},"loc":{"start":{"line":219,"column":38},"end":{"line":226,"column":6}}},"11":{"name":"(anonymous_11)","decl":{"start":{"line":227,"column":32},"end":{"line":227,"column":33}},"loc":{"start":{"line":227,"column":38},"end":{"line":231,"column":6}}},"12":{"name":"(anonymous_12)","decl":{"start":{"line":230,"column":31},"end":{"line":230,"column":32}},"loc":{"start":{"line":230,"column":36},"end":{"line":230,"column":46}}}},"branchMap":{"0":{"loc":{"start":{"line":67,"column":2},"end":{"line":69,"column":3}},"type":"if","locations":[{"start":{"line":67,"column":2},"end":{"line":69,"column":3}}]},"1":{"loc":{"start":{"line":67,"column":6},"end":{"line":67,"column":48}},"type":"binary-expr","locations":[{"start":{"line":67,"column":6},"end":{"line":67,"column":14}},{"start":{"line":67,"column":18},"end":{"line":67,"column":48}}]},"2":{"loc":{"start":{"line":76,"column":6},"end":{"line":78,"column":7}},"type":"if","locations":[{"start":{"line":76,"column":6},"end":{"line":78,"column":7}}]},"3":{"loc":{"start":{"line":76,"column":10},"end":{"line":76,"column":49}},"type":"binary-expr","locations":[{"start":{"line":76,"column":10},"end":{"line":76,"column":18}},{"start":{"line":76,"column":22},"end":{"line":76,"column":49}}]},"4":{"loc":{"start":{"line":82,"column":6},"end":{"line":84,"column":7}},"type":"if","locations":[{"start":{"line":82,"column":6},"end":{"line":84,"column":7}}]},"5":{"loc":{"start":{"line":86,"column":6},"end":{"line":102,"column":7}},"type":"if","locations":[{"start":{"line":86,"column":6},"end":{"line":102,"column":7}},{"start":{"line":95,"column":13},"end":{"line":102,"column":7}}]},"6":{"loc":{"start":{"line":98,"column":8},"end":{"line":101,"column":9}},"type":"if","locations":[{"start":{"line":98,"column":8},"end":{"line":101,"column":9}}]},"7":{"loc":{"start":{"line":145,"column":6},"end":{"line":147,"column":7}},"type":"if","locations":[{"start":{"line":145,"column":6},"end":{"line":147,"column":7}}]},"8":{"loc":{"start":{"line":170,"column":23},"end":{"line":174,"column":78}},"type":"cond-expr","locations":[{"start":{"line":171,"column":6},"end":{"line":172,"column":null}},{"start":{"line":174,"column":6},"end":{"line":174,"column":78}}]},"9":{"loc":{"start":{"line":172,"column":8},"end":{"line":172,"column":61}},"type":"cond-expr","locations":[{"start":{"line":172,"column":47},"end":{"line":172,"column":54}},{"start":{"line":172,"column":57},"end":{"line":172,"column":61}}]},"10":{"loc":{"start":{"line":177,"column":27},"end":{"line":179,"column":7}},"type":"cond-expr","locations":[{"start":{"line":178,"column":6},"end":{"line":178,"column":81}},{"start":{"line":179,"column":6},"end":{"line":179,"column":7}}]},"11":{"loc":{"start":{"line":185,"column":4},"end":{"line":187,"column":5}},"type":"if","locations":[{"start":{"line":185,"column":4},"end":{"line":187,"column":5}}]}},"s":{"0":1,"1":1,"2":1,"3":1,"4":19,"5":19,"6":19,"7":19,"8":19,"9":14,"10":5,"11":0,"12":5,"13":5,"14":11,"15":14,"16":0,"17":14,"18":14,"19":0,"20":14,"21":9,"22":5,"23":5,"24":5,"25":5,"26":5,"27":9,"28":5,"29":5,"30":5,"31":5,"32":5,"33":11,"34":11,"35":19,"36":14,"37":11,"38":5,"39":5,"40":4,"41":5,"42":9,"43":5,"44":5,"45":9,"46":9,"47":6,"48":9,"49":5,"50":0,"51":0,"52":0,"53":0},"f":{"0":19,"1":14,"2":5,"3":5,"4":5,"5":11,"6":5,"7":4,"8":9,"9":0,"10":0,"11":0,"12":0},"b":{"0":[0],"1":[5,5],"2":[0],"3":[14,14],"4":[0],"5":[9,5],"6":[5],"7":[14],"8":[5,0],"9":[0,4],"10":[5,0],"11":[6]}}
,"C:\\Users\\Dingle\\Documents\\spider-man-villain-timeline\\src\\visualization\\d3Graph.ts": {"path":"C:\\Users\\Dingle\\Documents\\spider-man-villain-timeline\\src\\visualization\\d3Graph.ts","statementMap":{"0":{"start":{"line":53,"column":0},"end":{"line":53,"column":16}},"1":{"start":{"line":71,"column":0},"end":{"line":71,"column":16}},"2":{"start":{"line":113,"column":0},"end":{"line":113,"column":16}},"3":{"start":{"line":138,"column":0},"end":{"line":138,"column":16}},"4":{"start":{"line":11,"column":22},"end":{"line":27,"column":2}},"5":{"start":{"line":37,"column":13},"end":{"line":37,"column":14}},"6":{"start":{"line":38,"column":2},"end":{"line":41,"column":3}},"7":{"start":{"line":38,"column":15},"end":{"line":38,"column":16}},"8":{"start":{"line":39,"column":4},"end":{"line":39,"column":60}},"9":{"start":{"line":40,"column":4},"end":{"line":40,"column":23}},"10":{"start":{"line":43,"column":21},"end":{"line":43,"column":58}},"11":{"start":{"line":44,"column":2},"end":{"line":44,"column":35}},"12":{"start":{"line":56,"column":2},"end":{"line":60,"column":6}},"13":{"start":{"line":56,"column":44},"end":{"line":60,"column":4}},"14":{"start":{"line":58,"column":52},"end":{"line":58,"column":62}},"15":{"start":{"line":76,"column":17},"end":{"line":76,"column":38}},"16":{"start":{"line":79,"column":19},"end":{"line":79,"column":44}},"17":{"start":{"line":80,"column":2},"end":{"line":83,"column":3}},"18":{"start":{"line":81,"column":18},"end":{"line":81,"column":51}},"19":{"start":{"line":82,"column":4},"end":{"line":82,"column":42}},"20":{"start":{"line":86,"column":19},"end":{"line":86,"column":62}},"21":{"start":{"line":86,"column":47},"end":{"line":86,"column":60}},"22":{"start":{"line":87,"column":22},"end":{"line":87,"column":66}},"23":{"start":{"line":87,"column":50},"end":{"line":87,"column":64}},"24":{"start":{"line":89,"column":17},"end":{"line":89,"column":61}},"25":{"start":{"line":91,"column":2},"end":{"line":104,"column":4}},"26":{"start":{"line":114,"column":2},"end":{"line":127,"column":4}},"27":{"start":{"line":143,"column":45},"end":{"line":143,"column":51}},"28":{"start":{"line":144,"column":45},"end":{"line":144,"column":51}},"29":{"start":{"line":147,"column":17},"end":{"line":151,"column":3}},"30":{"start":{"line":148,"column":25},"end":{"line":148,"column":52}},"31":{"start":{"line":149,"column":25},"end":{"line":149,"column":31}},"32":{"start":{"line":150,"column":4},"end":{"line":150,"column":65}},"33":{"start":{"line":153,"column":17},"end":{"line":157,"column":3}},"34":{"start":{"line":154,"column":25},"end":{"line":154,"column":52}},"35":{"start":{"line":155,"column":25},"end":{"line":155,"column":31}},"36":{"start":{"line":156,"column":4},"end":{"line":156,"column":65}},"37":{"start":{"line":160,"column":23},"end":{"line":161,"column":null}},"38":{"start":{"line":161,"column":4},"end":{"line":161,"column":56}},"39":{"start":{"line":164,"column":2},"end":{"line":164,"column":41}}},"fnMap":{"0":{"name":"getVillainColor","decl":{"start":{"line":35,"column":9},"end":{"line":35,"column":24}},"loc":{"start":{"line":35,"column":44},"end":{"line":45,"column":1}}},"1":{"name":"formatDataForD3","decl":{"start":{"line":53,"column":16},"end":{"line":53,"column":31}},"loc":{"start":{"line":54,"column":21},"end":{"line":61,"column":1}}},"2":{"name":"(anonymous_2)","decl":{"start":{"line":56,"column":27},"end":{"line":56,"column":39}},"loc":{"start":{"line":56,"column":44},"end":{"line":60,"column":4}}},"3":{"name":"(anonymous_3)","decl":{"start":{"line":58,"column":47},"end":{"line":58,"column":48}},"loc":{"start":{"line":58,"column":52},"end":{"line":58,"column":62}}},"4":{"name":"generateD3Config","decl":{"start":{"line":71,"column":16},"end":{"line":71,"column":32}},"loc":{"start":{"line":74,"column":22},"end":{"line":105,"column":1}}},"5":{"name":"(anonymous_5)","decl":{"start":{"line":86,"column":42},"end":{"line":86,"column":43}},"loc":{"start":{"line":86,"column":47},"end":{"line":86,"column":60}}},"6":{"name":"(anonymous_6)","decl":{"start":{"line":87,"column":45},"end":{"line":87,"column":46}},"loc":{"start":{"line":87,"column":50},"end":{"line":87,"column":64}}},"7":{"name":"exportD3ConfigJSON","decl":{"start":{"line":113,"column":16},"end":{"line":113,"column":34}},"loc":{"start":{"line":113,"column":51},"end":{"line":128,"column":1}}},"8":{"name":"generateLinePath","decl":{"start":{"line":138,"column":16},"end":{"line":138,"column":32}},"loc":{"start":{"line":141,"column":47},"end":{"line":165,"column":1}}},"9":{"name":"(anonymous_9)","decl":{"start":{"line":147,"column":17},"end":{"line":147,"column":18}},"loc":{"start":{"line":147,"column":41},"end":{"line":151,"column":3}}},"10":{"name":"(anonymous_10)","decl":{"start":{"line":153,"column":17},"end":{"line":153,"column":18}},"loc":{"start":{"line":153,"column":41},"end":{"line":157,"column":3}}},"11":{"name":"(anonymous_11)","decl":{"start":{"line":160,"column":32},"end":{"line":160,"column":33}},"loc":{"start":{"line":161,"column":4},"end":{"line":161,"column":56}}}},"branchMap":{"0":{"loc":{"start":{"line":73,"column":2},"end":{"line":73,"column":22}},"type":"default-arg","locations":[{"start":{"line":73,"column":18},"end":{"line":73,"column":22}}]},"1":{"loc":{"start":{"line":74,"column":2},"end":{"line":74,"column":22}},"type":"default-arg","locations":[{"start":{"line":74,"column":19},"end":{"line":74,"column":22}}]}},"s":{"0":1,"1":1,"2":1,"3":1,"4":1,"5":16,"6":16,"7":16,"8":208,"9":208,"10":16,"11":16,"12":12,"13":36,"14":0,"15":8,"16":8,"17":8,"18":16,"19":16,"20":8,"21":24,"22":8,"23":24,"24":8,"25":8,"26":3,"27":3,"28":3,"29":3,"30":7,"31":7,"32":7,"33":3,"34":7,"35":7,"36":7,"37":3,"38":7,"39":3},"f":{"0":16,"1":12,"2":36,"3":0,"4":8,"5":24,"6":24,"7":3,"8":3,"9":7,"10":7,"11":7},"b":{"0":[6],"1":[6]}}
}
