TN:
SF:src\scraper\marvelScraper.ts
FN:26,(anonymous_10)
FN:43,(anonymous_11)
FN:58,(anonymous_12)
FN:83,(anonymous_13)
FN:100,(anonymous_14)
FN:136,(anonymous_15)
FN:157,(anonymous_16)
FN:181,(anonymous_17)
FN:196,(anonymous_18)
FN:266,(anonymous_19)
FN:267,(anonymous_20)
FN:273,(anonymous_21)
FNF:12
FNH:2
FNDA:6,(anonymous_10)
FNDA:0,(anonymous_11)
FNDA:0,(anonymous_12)
FNDA:0,(anonymous_13)
FNDA:0,(anonymous_14)
FNDA:0,(anonymous_15)
FNDA:0,(anonymous_16)
FNDA:0,(anonymous_17)
FNDA:0,(anonymous_18)
FNDA:0,(anonymous_19)
FNDA:0,(anonymous_20)
FNDA:2,(anonymous_21)
DA:7,1
DA:8,1
DA:13,1
DA:15,1
DA:16,1
DA:17,1
DA:22,1
DA:24,6
DA:27,6
DA:47,0
DA:49,0
DA:50,0
DA:55,0
DA:56,0
DA:58,0
DA:61,0
DA:62,0
DA:63,0
DA:64,0
DA:65,0
DA:68,0
DA:70,0
DA:74,0
DA:82,0
DA:83,0
DA:87,0
DA:101,0
DA:103,0
DA:104,0
DA:106,0
DA:107,0
DA:110,0
DA:115,0
DA:121,0
DA:122,0
DA:126,0
DA:137,0
DA:161,0
DA:162,0
DA:163,0
DA:166,0
DA:168,0
DA:169,0
DA:170,0
DA:173,0
DA:175,0
DA:176,0
DA:181,0
DA:182,0
DA:186,0
DA:189,0
DA:191,0
DA:195,0
DA:196,0
DA:203,0
DA:204,0
DA:206,0
DA:208,0
DA:210,0
DA:211,0
DA:215,0
DA:216,0
DA:219,0
DA:223,0
DA:224,0
DA:230,0
DA:231,0
DA:233,0
DA:235,0
DA:240,0
DA:241,0
DA:252,0
DA:254,0
DA:257,0
DA:267,0
DA:274,2
LF:76
LH:10
BRDA:44,0,0,0
BRDA:45,1,0,0
BRDA:49,2,0,0
BRDA:49,3,0,0
BRDA:49,3,1,0
BRDA:106,4,0,0
BRDA:121,5,0,0
BRDA:173,6,0,0
BRDA:176,7,0,0
BRDA:176,7,1,0
BRDA:186,8,0,0
BRDA:186,8,1,0
BRDA:186,8,2,0
BRDA:189,9,0,0
BRDA:191,10,0,0
BRDA:191,10,1,0
BRDA:195,11,0,0
BRDA:208,12,0,0
BRDA:208,12,1,0
BRDA:211,13,0,0
BRDA:219,14,0,0
BRDA:219,15,0,0
BRDA:219,15,1,0
BRDA:219,15,2,0
BRDA:219,15,3,0
BRDA:230,16,0,0
BRDA:233,17,0,0
BRDA:233,18,0,0
BRDA:233,18,1,0
BRDA:233,18,2,0
BRDA:240,19,0,0
BRDA:240,20,0,0
BRDA:240,20,1,0
BRF:33
BRH:0
end_of_record
TN:
SF:src\utils\dataProcessor.ts
FN:27,normalizeVillainName
FN:50,generateVillainId
FN:63,processVillainData
FN:108,(anonymous_3)
FN:136,generateTimeline
FN:140,(anonymous_5)
FN:164,generateStats
FN:171,(anonymous_7)
FN:178,(anonymous_8)
FN:205,serializeProcessedData
FN:219,(anonymous_10)
FN:227,(anonymous_11)
FN:230,(anonymous_12)
FNF:13
FNH:9
FNDA:19,normalizeVillainName
FNDA:14,generateVillainId
FNDA:5,processVillainData
FNDA:5,(anonymous_3)
FNDA:5,generateTimeline
FNDA:11,(anonymous_5)
FNDA:5,generateStats
FNDA:4,(anonymous_7)
FNDA:9,(anonymous_8)
FNDA:0,serializeProcessedData
FNDA:0,(anonymous_10)
FNDA:0,(anonymous_11)
FNDA:0,(anonymous_12)
DA:27,1
DA:29,19
DA:33,19
DA:36,19
DA:39,19
DA:41,19
DA:50,1
DA:51,14
DA:63,1
DA:67,5
DA:68,0
DA:72,5
DA:74,5
DA:75,11
DA:76,14
DA:77,0
DA:80,14
DA:82,14
DA:83,0
DA:86,14
DA:88,9
DA:97,5
DA:98,5
DA:99,5
DA:100,5
DA:107,5
DA:108,9
DA:112,5
DA:118,5
DA:120,5
DA:140,5
DA:142,11
DA:144,11
DA:145,19
DA:146,14
DA:150,11
DA:167,5
DA:170,5
DA:172,4
DA:177,5
DA:178,9
DA:182,5
DA:183,5
DA:184,9
DA:185,9
DA:186,6
DA:188,9
DA:191,5
DA:205,1
DA:208,0
DA:219,0
DA:227,0
DA:230,0
LF:53
LH:46
BRDA:67,0,0,0
BRDA:67,1,0,5
BRDA:67,1,1,5
BRDA:76,2,0,0
BRDA:76,3,0,14
BRDA:76,3,1,14
BRDA:82,4,0,0
BRDA:86,5,0,9
BRDA:86,5,1,5
BRDA:98,6,0,5
BRDA:145,7,0,14
BRDA:170,8,0,5
BRDA:170,8,1,0
BRDA:172,9,0,0
BRDA:172,9,1,4
BRDA:177,10,0,5
BRDA:177,10,1,0
BRDA:185,11,0,6
BRF:18
BRH:12
end_of_record
TN:
SF:src\visualization\d3Graph.ts
FN:35,getVillainColor
FN:53,formatDataForD3
FN:56,(anonymous_2)
FN:58,(anonymous_3)
FN:71,generateD3Config
FN:86,(anonymous_5)
FN:87,(anonymous_6)
FN:113,exportD3ConfigJSON
FN:138,generateLinePath
FN:147,(anonymous_9)
FN:153,(anonymous_10)
FN:160,(anonymous_11)
FNF:12
FNH:11
FNDA:16,getVillainColor
FNDA:12,formatDataForD3
FNDA:36,(anonymous_2)
FNDA:0,(anonymous_3)
FNDA:8,generateD3Config
FNDA:24,(anonymous_5)
FNDA:24,(anonymous_6)
FNDA:3,exportD3ConfigJSON
FNDA:3,generateLinePath
FNDA:7,(anonymous_9)
FNDA:7,(anonymous_10)
FNDA:7,(anonymous_11)
DA:11,1
DA:37,16
DA:38,16
DA:39,208
DA:40,208
DA:43,16
DA:44,16
DA:53,1
DA:56,36
DA:58,0
DA:71,1
DA:76,8
DA:79,8
DA:80,8
DA:81,16
DA:82,16
DA:86,24
DA:87,24
DA:89,8
DA:91,8
DA:113,1
DA:114,3
DA:138,1
DA:143,3
DA:144,3
DA:147,3
DA:148,7
DA:149,7
DA:150,7
DA:153,3
DA:154,7
DA:155,7
DA:156,7
DA:160,3
DA:161,7
DA:164,3
LF:36
LH:35
BRDA:73,0,0,6
BRDA:74,1,0,6
BRF:2
BRH:2
end_of_record
